[MUSIC-GO] 2025/05/02 00:07:16 INFO: All the files are parsed from template/
[MUSIC-GO] 2025/05/02 00:07:16 INFO: server is open on 127.0.0.1:6969
[MUSIC-GO] 2025/05/02 00:07:21 INFO: Request reseved Method: "GET" URL: "/"
[MUSIC-GO] 2025/05/02 00:07:21 INFO: Request reseved Method: "GET" URL: "/static/htmx.min.js"
[MUSIC-GO] 2025/05/02 00:07:21 INFO: Request reseved Method: "GET" URL: "/static/style.css"
[MUSIC-GO] 2025/05/02 00:07:21 INFO: Request reseved Method: "GET" URL: "/static/main.js"
[MUSIC-GO] 2025/05/02 00:07:21 INFO: Request reseved Method: "GET" URL: "/songs"
[MUSIC-GO] 2025/05/02 00:07:21 INFO: Request reseved Method: "GET" URL: "/favicon.ico"
[MUSIC-GO] 2025/05/02 00:07:21 INFO: Request reseved Method: "GET" URL: "/songs/"
[MUSIC-GO] 2025/05/02 00:07:24 INFO: Request reseved Method: "GET" URL: "/"
[MUSIC-GO] 2025/05/02 00:07:24 INFO: Request reseved Method: "GET" URL: "/static/htmx.min.js"
[MUSIC-GO] 2025/05/02 00:07:24 INFO: Request reseved Method: "GET" URL: "/static/main.js"
[MUSIC-GO] 2025/05/02 00:07:24 INFO: Request reseved Method: "GET" URL: "/static/style.css"
[MUSIC-GO] 2025/05/02 00:07:24 INFO: Request reseved Method: "GET" URL: "/songs"
[MUSIC-GO] 2025/05/02 00:07:24 INFO: Request reseved Method: "GET" URL: "/favicon.ico"
[MUSIC-GO] 2025/05/02 00:07:24 INFO: Request reseved Method: "GET" URL: "/songs/"
[MUSIC-GO] 2025/05/02 00:07:29 INFO: Request reseved Method: "GET" URL: "/"
[MUSIC-GO] 2025/05/02 00:07:29 INFO: Request reseved Method: "GET" URL: "/songs/"
[MUSIC-GO] 2025/05/02 00:07:29 INFO: Request reseved Method: "GET" URL: "/favicon.ico"
[MUSIC-GO] 2025/05/02 00:07:29 INFO: Request reseved Method: "GET" URL: "/"
[MUSIC-GO] 2025/05/02 00:07:29 INFO: Request reseved Method: "GET" URL: "/songs/"
[MUSIC-GO] 2025/05/02 00:07:30 INFO: Request reseved Method: "GET" URL: "/favicon.ico"
[MUSIC-GO] 2025/05/02 00:07:30 INFO: Request reseved Method: "GET" URL: "/"
[MUSIC-GO] 2025/05/02 00:07:30 ERROR: could't execute "musics" template write tcp 127.0.0.1:6969->127.0.0.1:37632: write: broken pipe
[MUSIC-GO] 2025/05/02 00:07:30 INFO: Request reseved Method: "GET" URL: "/songs/"
[MUSIC-GO] 2025/05/02 00:07:30 INFO: Request reseved Method: "GET" URL: "/favicon.ico"
[MUSIC-GO] 2025/05/02 00:07:30 INFO: Request reseved Method: "GET" URL: "/"
[MUSIC-GO] 2025/05/02 00:07:30 ERROR: could't execute "musics" template write tcp 127.0.0.1:6969->127.0.0.1:37646: write: broken pipe
[MUSIC-GO] 2025/05/02 00:07:30 INFO: Request reseved Method: "GET" URL: "/songs/"
[MUSIC-GO] 2025/05/02 00:07:30 INFO: Request reseved Method: "GET" URL: "/favicon.ico"
[MUSIC-GO] 2025/05/02 00:07:30 INFO: Request reseved Method: "GET" URL: "/"
[MUSIC-GO] 2025/05/02 00:07:30 ERROR: could't execute "musics" template write tcp 127.0.0.1:6969->127.0.0.1:37628: write: broken pipe
[MUSIC-GO] 2025/05/02 00:07:30 INFO: Request reseved Method: "GET" URL: "/songs/"
[MUSIC-GO] 2025/05/02 00:07:30 INFO: Request reseved Method: "GET" URL: "/favicon.ico"
[MUSIC-GO] 2025/05/02 00:07:30 INFO: Request reseved Method: "GET" URL: "/"
[MUSIC-GO] 2025/05/02 00:07:30 ERROR: could't execute "musics" template write tcp 127.0.0.1:6969->127.0.0.1:37496: write: broken pipe
[MUSIC-GO] 2025/05/02 00:07:30 INFO: Request reseved Method: "GET" URL: "/songs/"
[MUSIC-GO] 2025/05/02 00:07:30 INFO: Request reseved Method: "GET" URL: "/favicon.ico"
[MUSIC-GO] 2025/05/02 00:08:00 INFO: Request reseved Method: "GET" URL: "/"
[MUSIC-GO] 2025/05/02 00:08:00 INFO: Request reseved Method: "GET" URL: "/static/main.js"
[MUSIC-GO] 2025/05/02 00:08:00 INFO: Request reseved Method: "GET" URL: "/songs/"
[MUSIC-GO] 2025/05/02 00:08:00 INFO: Request reseved Method: "GET" URL: "/favicon.ico"
[MUSIC-GO] 2025/05/02 00:08:38 INFO: Request reseved Method: "GET" URL: "/song/details?id=1&toPlay=true"
[MUSIC-GO] 2025/05/02 00:08:38 INFO: Request reseved Method: "GET" URL: "/albumArt?music-path=%2fmnt%2fmedia%2fmusic%2fbengali%2fanupam-roy%2fadrishyo-nagordolar-trip%2fAnupam%20Roy%20-%20Awbawsh%20-%20Adrishyo%20Nagordolar%20Trip.mp3"
[MUSIC-GO] 2025/05/02 00:08:38 INFO: Request reseved Method: "GET" URL: "/play?music-path=%2Fmnt%2Fmedia%2Fmusic%2Fbengali%2Fanupam-roy%2Fadrishyo-nagordolar-trip%2FAnupam%20Roy%20-%20Awbawsh%20-%20Adrishyo%20Nagordolar%20Trip.mp3"
[MUSIC-GO] 2025/05/02 00:08:38 INFO: Request reseved Method: "GET" URL: "/favicon.ico"
[MUSIC-GO] 2025/05/02 00:08:38 INFO: Request reseved Method: "GET" URL: "/play?music-path=%2Fmnt%2Fmedia%2Fmusic%2Fbengali%2Fanupam-roy%2Fadrishyo-nagordolar-trip%2FAnupam%20Roy%20-%20Awbawsh%20-%20Adrishyo%20Nagordolar%20Trip.mp3"
[MUSIC-GO] 2025/05/02 00:08:39 INFO: album art for /mnt/media/music/bengali/anupam-roy/adrishyo-nagordolar-trip/Anupam Roy - Awbawsh - Adrishyo Nagordolar Trip.mp3 sucessfuly served.
[MUSIC-GO] 2025/05/02 00:08:39 INFO: /mnt/media/music/bengali/anupam-roy/adrishyo-nagordolar-trip/Anupam Roy - Awbawsh - Adrishyo Nagordolar Trip.mp3 Song served sucessfuly.
[MUSIC-GO] 2025/05/02 00:08:39 INFO: /mnt/media/music/bengali/anupam-roy/adrishyo-nagordolar-trip/Anupam Roy - Awbawsh - Adrishyo Nagordolar Trip.mp3 Song served sucessfuly.
[MUSIC-GO] 2025/05/02 00:09:13 INFO: Request reseved Method: "GET" URL: "/get-next-song"
[MUSIC-GO] 2025/05/02 00:09:13 INFO: Next song details served sucessfuly: {"id":577,"path":"/mnt/media/music/english/coldplay/Coldplay - Politik.mp3"}
[MUSIC-GO] 2025/05/02 00:09:13 INFO: Request reseved Method: "GET" URL: "/song/details?id=577&toPlay=true"
[MUSIC-GO] 2025/05/02 00:09:13 INFO: Request reseved Method: "GET" URL: "/albumArt?music-path=%2fmnt%2fmedia%2fmusic%2fenglish%2fcoldplay%2fColdplay%20-%20Politik.mp3"
[MUSIC-GO] 2025/05/02 00:09:13 INFO: Request reseved Method: "GET" URL: "/play?music-path=%2Fmnt%2Fmedia%2Fmusic%2Fenglish%2Fcoldplay%2FColdplay%20-%20Politik.mp3"
[MUSIC-GO] 2025/05/02 00:09:13 INFO: album art for /mnt/media/music/english/coldplay/Coldplay - Politik.mp3 sucessfuly served.
[MUSIC-GO] 2025/05/02 00:09:13 INFO: /mnt/media/music/english/coldplay/Coldplay - Politik.mp3 Song served sucessfuly.
[MUSIC-GO] 2025/05/02 00:09:13 INFO: Request reseved Method: "GET" URL: "/play?music-path=%2Fmnt%2Fmedia%2Fmusic%2Fenglish%2Fcoldplay%2FColdplay%20-%20Politik.mp3"
[MUSIC-GO] 2025/05/02 00:09:13 INFO: /mnt/media/music/english/coldplay/Coldplay - Politik.mp3 Song served sucessfuly.
